2025-09-02T14:56:00.480Z
cwd: ~\OneDrive - Department for Education\Documents\GitHub\rpa
package: govuk-prototype-kit@13.18.0
argv: C:\Program Files\nodejs\node.exe ~\AppData\Local\npm-cache\_npx\751a68202a4807b7\node_modules\govuk-prototype-kit\bin\cli migrate
Started [Check migration is being applied to a pre v13 prototype]
Succeeded [Check migration is being applied to a pre v13 prototype]
2025-09-02T14:56:22.095Z
cwd: ~\OneDrive - Department for Education\Documents\GitHub\rpa
package: govuk-prototype-kit@13.18.0
argv: C:\Program Files\nodejs\node.exe ~\OneDrive - Department for Education\Documents\GitHub\rpa\node_modules\govuk-prototype-kit\bin\cli migrate -- ~\OneDrive - Department for Education\Documents\GitHub\rpa
Started [Migrate config.js to config.json]
Started [Update application SCSS file]
Started [Deleted files that are no longer needed]
Started [Deleted directories that are no longer needed]
Started [Delete listen-on-port.js]
Started [Delete start.js]
Started [Delete VERSION.txt]
Started [Delete server.js]
Started [Remove unused directory docs]
Started [Delete Procfile]
Started [Delete app/assets/sass/application-ie8.scss]
Started [Remove unused directory lib]
Started [Remove unused directory public]
Started [Delete app/assets/sass/unbranded-ie8.scss]
Succeeded [Migrate config.js to config.json]
Succeeded [Delete VERSION.txt]
Succeeded [Delete listen-on-port.js]
Succeeded [Delete app/assets/sass/application-ie8.scss]
Succeeded [Delete start.js]
Succeeded [Delete server.js]
Succeeded [Delete Procfile]
Succeeded [Delete app/assets/sass/unbranded-ie8.scss]
Found [// Add your routes here - above the module.exports line] in [app\routes.js], replacing
Succeeded [Deleted files that are no longer needed]
Started [Overwrite app/assets/javascripts/application.js]
Started [Overwrite app/views/layout.html]
Started [Overwrite app/filters.js]
Found [// Add extra styles here, or re-organise the Sass files in whichever way makes most sense to you] in [app\assets\sass\application.scss], replacing
Keeping these lines from old file
Copying from [node_modules\govuk-prototype-kit\prototype-starter\app\assets\javascripts\application.js] to [app\assets\javascripts\application.js]
Failed [Overwrite app/views/layout.html]
Started [Delete app/assets/javascripts/auto-store-data.js]
Copying from [node_modules\govuk-prototype-kit\prototype-starter\app\filters.js] to [app\filters.js]
Started [Delete app/assets/images/separator-2x.png]
Started [Delete app/assets/sass/unbranded.scss]
Started [Delete app/assets/images/unbranded.ico]
Started [Delete app/views/includes/scripts.html]
Started [Delete app/views/includes/head.html]
Started [Delete app/assets/sass/patterns/_contents-list.scss]
Started [Delete app/assets/sass/patterns/_pagination.scss]
Started [Delete app/assets/sass/patterns/_related-items.scss]
Started [Delete app/assets/javascripts/jquery-1.11.3.js]
Keeping these lines from old file
Started [Delete app/assets/sass/patterns/_task-list.scss]
Started [Delete app/views/layout_unbranded.html]
Started [Delete app/assets/sass/patterns/_mainstream-guide.scss]
Started [Delete app/views/includes/breadcrumb_examples.html]
Started [Delete app/assets/images/separator.png]
Failed [Delete app/assets/images/unbranded.ico]
Failed [Delete app/views/includes/scripts.html]
Succeeded [Delete app/assets/javascripts/auto-store-data.js]
Succeeded [Delete app/assets/sass/unbranded.scss]
Succeeded [Delete app/assets/images/separator-2x.png]
Succeeded [Delete app/views/includes/head.html]
Succeeded [Delete app/assets/sass/patterns/_pagination.scss]
Succeeded [Delete app/assets/javascripts/jquery-1.11.3.js]
Succeeded [Delete app/assets/sass/patterns/_contents-list.scss]
Succeeded [Delete app/assets/sass/patterns/_related-items.scss]
Succeeded [Delete app/assets/sass/patterns/_task-list.scss]
Succeeded [Delete app/assets/sass/patterns/_mainstream-guide.scss]
Succeeded [Update application SCSS file]
Succeeded [Delete app/views/layout_unbranded.html]
Succeeded [Delete app/views/includes/breadcrumb_examples.html]
Succeeded [Delete app/assets/images/separator.png]
//,// For guidance on how to create routes see:,// https://prototype-kit.service.gov.uk/docs/create-routes,//,,const govukPrototypeKit = require('govuk-prototype-kit'),const router = govukPrototypeKit.requests.setupRouter(),,// Add your routes here,,,module.exports = router,
Found [module.exports = router;,module.exports = router] in [app\routes.js], removing
Succeeded [Remove unused directory lib]
Succeeded [Remove unused directory public]
Succeeded [Update routes file]
Succeeded [Remove unused directory docs]
Succeeded [Deleted directories that are no longer needed]
Succeeded [Overwrite app/filters.js]
Succeeded [Overwrite app/assets/javascripts/application.js]
ENOENT: no such file or directory, stat 'C:\Users\ldavidson1\OneDrive - Department for Education\Documents\GitHub\rpa\app\views\layout_unbranded.html'
Error: ENOENT: no such file or directory, stat 'C:\Users\ldavidson1\OneDrive - Department for Education\Documents\GitHub\rpa\app\views\layout_unbranded.html'
    at async Object.stat (node:internal/fs/promises:1033:18)
    at async C:\Users\ldavidson1\OneDrive - Department for Education\Documents\GitHub\rpa\node_modules\govuk-prototype-kit\lib\utils\index.js:254:22
    at async asyncSeriesMap (C:\Users\ldavidson1\OneDrive - Department for Education\Documents\GitHub\rpa\node_modules\govuk-prototype-kit\lib\utils\asyncSeriesMap.js:5:18)
    at async searchAndReplaceFiles (C:\Users\ldavidson1\OneDrive - Department for Education\Documents\GitHub\rpa\node_modules\govuk-prototype-kit\lib\utils\index.js:252:25)
    at async updateUnbrandedLayouts (C:\Users\ldavidson1\OneDrive - Department for Education\Documents\GitHub\rpa\node_modules\govuk-prototype-kit\migrator\migration-steps.js:256:19)
    at async Promise.all (index 7)
    at async Object.migrate (C:\Users\ldavidson1\OneDrive - Department for Education\Documents\GitHub\rpa\node_modules\govuk-prototype-kit\migrator\index.js:128:33)
    at async runMigrate (C:\Users\ldavidson1\OneDrive - Department for Education\Documents\GitHub\rpa\node_modules\govuk-prototype-kit\bin\cli:391:5)
